<?xml version="1.0" encoding="UTF-8" ?>
<testsuite errors="0" failures="0" hostname="blackhawk" name="RandoopTest0" tests="136" time="0.335" timestamp="2013-07-30T22:18:04">
  <properties>
    <property name="java.runtime.name" value="Java(TM) SE Runtime Environment" />
    <property name="sun.boot.library.path" value="C:\Program Files\Java\jre7\bin" />
    <property name="java.vm.version" value="23.6-b04" />
    <property name="ant.version" value="Apache Ant version 1.8.1 compiled on April 30 2010" />
    <property name="ant.java.version" value="1.6" />
    <property name="java.vm.vendor" value="Oracle Corporation" />
    <property name="java.vendor.url" value="http://java.oracle.com/" />
    <property name="path.separator" value=";" />
    <property name="java.vm.name" value="Java HotSpot(TM) 64-Bit Server VM" />
    <property name="file.encoding.pkg" value="sun.io" />
    <property name="user.script" value="" />
    <property name="user.country" value="US" />
    <property name="sun.java.launcher" value="SUN_STANDARD" />
    <property name="sun.os.patch.level" value="" />
    <property name="java.vm.specification.name" value="Java Virtual Machine Specification" />
    <property name="user.dir" value="C:\Users\Jeanderson\workspace\eclipse\csaferefactor" />
    <property name="java.runtime.version" value="1.7.0_11-b21" />
    <property name="java.awt.graphicsenv" value="sun.awt.Win32GraphicsEnvironment" />
    <property name="ant.file.type.1RefactoringProject" value="url" />
    <property name="basedir" value="C:\Users\Jeanderson\workspace\eclipse\csaferefactor" />
    <property name="java.endorsed.dirs" value="C:\Program Files\Java\jre7\lib\endorsed" />
    <property name="os.arch" value="amd64" />
    <property name="ant.project.default-target" value="run_tests" />
    <property name="java.io.tmpdir" value="C:\Users\JEANDE~1\AppData\Local\Temp\" />
    <property name="ant.core.lib" value="C:\Users\Jeanderson\workspace\eclipse\csaferefactor\lib\saferefactor-beta.jar" />
    <property name="line.separator" value="
" />
    <property name="libClasspath" value="C:\Users\Jeanderson\workspace\eclipse\csaferefactor\.\test_data\subject14source\bin" />
    <property name="java.vm.specification.vendor" value="Oracle Corporation" />
    <property name="user.variant" value="" />
    <property name="os.name" value="Windows 8" />
    <property name="ant.project.name" value="1RefactoringProject" />
    <property name="binClasspath" value="C:\Users\Jeanderson\workspace\eclipse\csaferefactor\.\test_data\subject14source\bin" />
    <property name="sun.jnu.encoding" value="Cp1252" />
    <property name="ant.file.1RefactoringProject" value="jar:file:/C:/Users/Jeanderson/workspace/eclipse/csaferefactor/lib/saferefactor-beta.jar!/build_run.xml" />
    <property name="java.library.path" value="C:\Program Files\Java\jre7\bin;C:\windows\Sun\Java\bin;C:\windows\system32;C:\windows;C:\Program Files (x86)\Intel\iCLS Client\;C:\Program Files\Intel\iCLS Client\;C:\windows\system32;C:\windows;C:\windows\System32\Wbem;C:\windows\System32\WindowsPowerShell\v1.0\;C:\Program Files (x86)\Windows Live\Shared;C:\Program Files\Java\jdk1.7.0_11\bin;C:\Users\Jeanderson\bin;C:\Program Files\Python\Scripts;C:\Program Files\PostgreSQL\9.2\bin;C:\Program Files\Intel\WiFi\bin\;C:\Program Files\Common Files\Intel\WirelessCommon\;C:\Program Files\Microsoft\Web Platform Installer\;C:\Program Files (x86)\Microsoft ASP.NET\ASP.NET Web Pages\v1.0\;C:\Program Files (x86)\Windows Kits\8.0\Windows Performance Toolkit\;C:\Program Files\Microsoft SQL Server\110\Tools\Binn\;C:\Program Files\Intel\Intel(R) Management Engine Components\DAL;C:\Program Files\Intel\Intel(R) Management Engine Components\IPT;C:\Program Files (x86)\Intel\Intel(R) Management Engine Components\DAL;C:\Program Files (x86)\Intel\Intel(R) Management Engine Components\IPT;C:\Program Files\Mercurial\;C:\Program Files\SlikSvn\bin;C:\Program Files (x86)\Git\cmd;C:\Users\Jeanderson\AppData\Local\Bandizip\7z;C:\Program Files\Python\Scripts;C:\Program Files\PostgreSQL\9.2\bin;C:\MinGW\bin;C:\Program Files\Intel\WiFi\bin\;C:\Program Files\Common Files\Intel\WirelessCommon\;C:\Program Files\Python;C:\Program Files\Python\Scripts;;." />
    <property name="java.specification.name" value="Java Platform API Specification" />
    <property name="java.class.version" value="51.0" />
    <property name="sun.management.compiler" value="HotSpot 64-Bit Tiered Compilers" />
    <property name="os.version" value="6.2" />
    <property name="user.home" value="C:\Users\Jeanderson" />
    <property name="user.timezone" value="" />
    <property name="java.awt.printerjob" value="sun.awt.windows.WPrinterJob" />
    <property name="file.encoding" value="Cp1252" />
    <property name="java.specification.version" value="1.7" />
    <property name="java.class.path" value="C:\Users\Jeanderson\workspace\eclipse\csaferefactor\test_data\subject14source\bin;C:\Users\Jeanderson\workspace\eclipse\csaferefactor\test_data\subject14source\test;C:\Users\Jeanderson\workspace\eclipse\csaferefactor\lib\saferefactor-beta.jar" />
    <property name="user.name" value="Jeanderson" />
    <property name="report.dir" value="./test_data/subject14source/report" />
    <property name="java.vm.specification.version" value="1.7" />
    <property name="sun.arch.data.model" value="64" />
    <property name="sun.java.command" value="org.apache.tools.ant.taskdefs.optional.junit.JUnitTestRunner RandoopTest0 filtertrace=true haltOnError=false haltOnFailure=false formatter=org.apache.tools.ant.taskdefs.optional.junit.SummaryJUnitResultFormatter showoutput=false outputtoformatters=true logfailedtests=true logtestlistenerevents=true formatter=org.apache.tools.ant.taskdefs.optional.junit.XMLJUnitResultFormatter,C:\Users\Jeanderson\workspace\eclipse\csaferefactor\test_data\subject14source\report\TEST-RandoopTest0.xml crashfile=C:\Users\Jeanderson\workspace\eclipse\csaferefactor\junitvmwatcher3317018505112658214.properties propsfile=C:\Users\Jeanderson\workspace\eclipse\csaferefactor\junit2135974661577234581.properties" />
    <property name="java.home" value="C:\Program Files\Java\jre7" />
    <property name="java.specification.vendor" value="Oracle Corporation" />
    <property name="user.language" value="en" />
    <property name="awt.toolkit" value="sun.awt.windows.WToolkit" />
    <property name="java.vm.info" value="mixed mode" />
    <property name="java.version" value="1.7.0_11" />
    <property name="java.ext.dirs" value="C:\Program Files\Java\jre7\lib\ext;C:\windows\Sun\Java\lib\ext" />
    <property name="sun.boot.class.path" value="C:\Program Files\Java\jre7\lib\resources.jar;C:\Program Files\Java\jre7\lib\rt.jar;C:\Program Files\Java\jre7\lib\sunrsasign.jar;C:\Program Files\Java\jre7\lib\jsse.jar;C:\Program Files\Java\jre7\lib\jce.jar;C:\Program Files\Java\jre7\lib\charsets.jar;C:\Program Files\Java\jre7\lib\jfr.jar;C:\Program Files\Java\jre7\classes" />
    <property name="java.vendor" value="Oracle Corporation" />
    <property name="tests.dir" value="./test_data/subject14source/test" />
    <property name="file.separator" value="\" />
    <property name="java.vendor.url.bug" value="http://bugreport.sun.com/bugreport/" />
    <property name="sun.cpu.endian" value="little" />
    <property name="sun.io.unicode.encoding" value="UnicodeLittle" />
    <property name="sun.desktop" value="windows" />
    <property name="sun.cpu.isalist" value="amd64" />
  </properties>
  <testcase classname="RandoopTest0" name="test21" time="0.003" />
  <testcase classname="RandoopTest0" name="test25" time="0.0" />
  <testcase classname="RandoopTest0" name="test12" time="0.0" />
  <testcase classname="RandoopTest0" name="test22" time="0.0" />
  <testcase classname="RandoopTest0" name="test28" time="0.0" />
  <testcase classname="RandoopTest0" name="test4" time="0.0" />
  <testcase classname="RandoopTest0" name="test3" time="0.0" />
  <testcase classname="RandoopTest0" name="test6" time="0.0" />
  <testcase classname="RandoopTest0" name="test10" time="0.001" />
  <testcase classname="RandoopTest0" name="test2" time="0.0" />
  <testcase classname="RandoopTest0" name="test7" time="0.0" />
  <testcase classname="RandoopTest0" name="test11" time="0.001" />
  <testcase classname="RandoopTest0" name="test13" time="0.0" />
  <testcase classname="RandoopTest0" name="test17" time="0.001" />
  <testcase classname="RandoopTest0" name="test18" time="0.0" />
  <testcase classname="RandoopTest0" name="test19" time="0.0" />
  <testcase classname="RandoopTest0" name="test9" time="0.0" />
  <testcase classname="RandoopTest0" name="test23" time="0.0" />
  <testcase classname="RandoopTest0" name="test24" time="0.0" />
  <testcase classname="RandoopTest0" name="test15" time="0.0" />
  <testcase classname="RandoopTest0" name="test26" time="0.0" />
  <testcase classname="RandoopTest0" name="test27" time="0.0" />
  <testcase classname="RandoopTest0" name="test1" time="0.0" />
  <testcase classname="RandoopTest0" name="test5" time="0.0" />
  <testcase classname="RandoopTest0" name="test8" time="0.001" />
  <testcase classname="RandoopTest0" name="test14" time="0.0" />
  <testcase classname="RandoopTest0" name="test16" time="0.0" />
  <testcase classname="RandoopTest0" name="test20" time="0.0" />
  <testcase classname="RandoopTest0" name="test52" time="0.0" />
  <testcase classname="RandoopTest0" name="test50" time="0.0" />
  <testcase classname="RandoopTest0" name="test58" time="0.0" />
  <testcase classname="RandoopTest0" name="test65" time="0.0" />
  <testcase classname="RandoopTest0" name="test67" time="0.0" />
  <testcase classname="RandoopTest0" name="test55" time="0.0" />
  <testcase classname="RandoopTest0" name="test71" time="0.0" />
  <testcase classname="RandoopTest0" name="test75" time="0.001" />
  <testcase classname="RandoopTest0" name="test76" time="0.0" />
  <testcase classname="RandoopTest0" name="test38" time="0.001" />
  <testcase classname="RandoopTest0" name="test51" time="0.0" />
  <testcase classname="RandoopTest0" name="test36" time="0.001" />
  <testcase classname="RandoopTest0" name="test46" time="0.0" />
  <testcase classname="RandoopTest0" name="test70" time="0.0" />
  <testcase classname="RandoopTest0" name="test79" time="0.022" />
  <testcase classname="RandoopTest0" name="test80" time="0.001" />
  <testcase classname="RandoopTest0" name="test31" time="0.001" />
  <testcase classname="RandoopTest0" name="test41" time="0.0" />
  <testcase classname="RandoopTest0" name="test57" time="0.001" />
  <testcase classname="RandoopTest0" name="test73" time="0.0" />
  <testcase classname="RandoopTest0" name="test59" time="0.001" />
  <testcase classname="RandoopTest0" name="test74" time="0.0" />
  <testcase classname="RandoopTest0" name="test54" time="0.0" />
  <testcase classname="RandoopTest0" name="test61" time="0.0" />
  <testcase classname="RandoopTest0" name="test82" time="0.0" />
  <testcase classname="RandoopTest0" name="test29" time="0.0" />
  <testcase classname="RandoopTest0" name="test83" time="0.0" />
  <testcase classname="RandoopTest0" name="test32" time="0.0" />
  <testcase classname="RandoopTest0" name="test47" time="0.0" />
  <testcase classname="RandoopTest0" name="test49" time="0.0" />
  <testcase classname="RandoopTest0" name="test53" time="0.001" />
  <testcase classname="RandoopTest0" name="test85" time="0.0" />
  <testcase classname="RandoopTest0" name="test87" time="0.001" />
  <testcase classname="RandoopTest0" name="test88" time="0.0" />
  <testcase classname="RandoopTest0" name="test42" time="0.0" />
  <testcase classname="RandoopTest0" name="test45" time="0.0" />
  <testcase classname="RandoopTest0" name="test78" time="0.0" />
  <testcase classname="RandoopTest0" name="test86" time="0.0" />
  <testcase classname="RandoopTest0" name="test89" time="0.0" />
  <testcase classname="RandoopTest0" name="test63" time="0.001" />
  <testcase classname="RandoopTest0" name="test84" time="0.0" />
  <testcase classname="RandoopTest0" name="test69" time="0.001" />
  <testcase classname="RandoopTest0" name="test91" time="0.001" />
  <testcase classname="RandoopTest0" name="test66" time="0.0" />
  <testcase classname="RandoopTest0" name="test90" time="0.0" />
  <testcase classname="RandoopTest0" name="test77" time="0.0" />
  <testcase classname="RandoopTest0" name="test37" time="0.001" />
  <testcase classname="RandoopTest0" name="test40" time="0.0" />
  <testcase classname="RandoopTest0" name="test48" time="0.001" />
  <testcase classname="RandoopTest0" name="test81" time="0.0" />
  <testcase classname="RandoopTest0" name="test30" time="0.001" />
  <testcase classname="RandoopTest0" name="test35" time="0.0" />
  <testcase classname="RandoopTest0" name="test34" time="0.0" />
  <testcase classname="RandoopTest0" name="test43" time="0.0" />
  <testcase classname="RandoopTest0" name="test62" time="0.0" />
  <testcase classname="RandoopTest0" name="test33" time="0.001" />
  <testcase classname="RandoopTest0" name="test39" time="0.0" />
  <testcase classname="RandoopTest0" name="test64" time="0.001" />
  <testcase classname="RandoopTest0" name="test56" time="0.0" />
  <testcase classname="RandoopTest0" name="test60" time="0.001" />
  <testcase classname="RandoopTest0" name="test68" time="0.001" />
  <testcase classname="RandoopTest0" name="test72" time="0.0" />
  <testcase classname="RandoopTest0" name="test44" time="0.001" />
  <testcase classname="RandoopTest0" name="test104" time="0.0" />
  <testcase classname="RandoopTest0" name="test114" time="0.0" />
  <testcase classname="RandoopTest0" name="test128" time="0.001" />
  <testcase classname="RandoopTest0" name="test101" time="0.0" />
  <testcase classname="RandoopTest0" name="test119" time="0.001" />
  <testcase classname="RandoopTest0" name="test106" time="0.001" />
  <testcase classname="RandoopTest0" name="test109" time="0.001" />
  <testcase classname="RandoopTest0" name="test121" time="0.0" />
  <testcase classname="RandoopTest0" name="test131" time="0.0" />
  <testcase classname="RandoopTest0" name="test103" time="0.001" />
  <testcase classname="RandoopTest0" name="test126" time="0.0" />
  <testcase classname="RandoopTest0" name="test108" time="0.0" />
  <testcase classname="RandoopTest0" name="test94" time="0.0" />
  <testcase classname="RandoopTest0" name="test107" time="0.0" />
  <testcase classname="RandoopTest0" name="test134" time="0.0" />
  <testcase classname="RandoopTest0" name="test125" time="0.0" />
  <testcase classname="RandoopTest0" name="test110" time="0.0" />
  <testcase classname="RandoopTest0" name="test123" time="0.0" />
  <testcase classname="RandoopTest0" name="test130" time="0.0" />
  <testcase classname="RandoopTest0" name="test100" time="0.0" />
  <testcase classname="RandoopTest0" name="test98" time="0.001" />
  <testcase classname="RandoopTest0" name="test136" time="0.0" />
  <testcase classname="RandoopTest0" name="test95" time="0.0" />
  <testcase classname="RandoopTest0" name="test117" time="0.0" />
  <testcase classname="RandoopTest0" name="test93" time="0.0" />
  <testcase classname="RandoopTest0" name="test118" time="0.0" />
  <testcase classname="RandoopTest0" name="test96" time="0.0" />
  <testcase classname="RandoopTest0" name="test120" time="0.0" />
  <testcase classname="RandoopTest0" name="test97" time="0.001" />
  <testcase classname="RandoopTest0" name="test129" time="0.0" />
  <testcase classname="RandoopTest0" name="test111" time="0.0" />
  <testcase classname="RandoopTest0" name="test92" time="0.0" />
  <testcase classname="RandoopTest0" name="test112" time="0.0" />
  <testcase classname="RandoopTest0" name="test116" time="0.001" />
  <testcase classname="RandoopTest0" name="test122" time="0.0" />
  <testcase classname="RandoopTest0" name="test132" time="0.001" />
  <testcase classname="RandoopTest0" name="test102" time="0.0" />
  <testcase classname="RandoopTest0" name="test105" time="0.0" />
  <testcase classname="RandoopTest0" name="test113" time="0.0" />
  <testcase classname="RandoopTest0" name="test115" time="0.028" />
  <testcase classname="RandoopTest0" name="test127" time="0.0" />
  <testcase classname="RandoopTest0" name="test133" time="0.0" />
  <testcase classname="RandoopTest0" name="test135" time="0.0" />
  <testcase classname="RandoopTest0" name="test99" time="0.001" />
  <testcase classname="RandoopTest0" name="test124" time="0.001" />
  <system-out><![CDATA[]]></system-out>
  <system-err><![CDATA[]]></system-err>
</testsuite>
